<?xml version="1.0" encoding="UTF-8"?>
<!-- Generated by org.testng.reporters.JUnitReportReporter -->
<testsuite hostname="LAPTOP-VTP94A45" failures="0" tests="1" name="Assignment" time="12.744" errors="0" timestamp="2023-11-02T15:53:43 IST" skipped="0">
  <testcase classname="Assignment" name="test" time="12.744"/>
  <system-out/>
</testsuite> <!-- Assignment -->
